<?xml version="1.0" encoding="UTF-8"?>
<testsuite xmlns:xsi="http://www.w3.org/2001/XMLSchema-instance" xsi:noNamespaceSchemaLocation="https://maven.apache.org/surefire/maven-surefire-plugin/xsd/surefire-test-report.xsd" version="3.0.2" name="com.taller_mecanico.venta_service.VentaServiceApplicationTests" time="7.674" tests="1" errors="0" skipped="0" failures="0" flakes="0">
  <properties>
[...]
</properties>
  <testcase name="contextLoads" classname="com.taller_mecanico.venta_service.VentaServiceApplicationTests" time="0.308">
    <system-out><![CDATA[00:42:28.040 [main] INFO org.springframework.test.context.support.AnnotationConfigContextLoaderUtils -- Could not detect default configuration classes for test class [com.taller_mecanico.venta_service.VentaServiceApplicationTests]: VentaServiceApplicationTests does not declare any static, non-private, non-final, nested classes annotated with @Configuration.
00:42:28.168 [main] INFO org.springframework.boot.test.context.SpringBootTestContextBootstrapper -- Found @SpringBootConfiguration com.taller_mecanico.venta_service.VentaServiceApplication for test class com.taller_mecanico.venta_service.VentaServiceApplicationTests

  .   ____          _            __ _ _
 /\\ / ___'_ __ _ _(_)_ __  __ _ \ \ \ \
( ( )\___ | '_ | '_| | '_ \/ _` | \ \ \ \
 \\/  ___)| |_)| | | | | || (_| |  ) ) ) )
  '  |____| .__|_| |_|_| |_\__, | / / / /
 =========|_|==============|___/=/_/_/_/

 :: Spring Boot ::               (v3.5.14)

2026-06-27T00:42:28.797-04:00  INFO 36952 --- [venta-service] [           main] c.t.v.VentaServiceApplicationTests       : Starting VentaServiceApplicationTests using Java 24.0.2 with PID 36952 (started by josem_bsk1jgd in C:\Users\josem_bsk1jgd\Desktop\taller-mecanico-parent\venta-service)
2026-06-27T00:42:28.798-04:00  INFO 36952 --- [venta-service] [           main] c.t.v.VentaServiceApplicationTests       : No active profile set, falling back to 1 default profile: "default"
2026-06-27T00:42:29.787-04:00  INFO 36952 --- [venta-service] [           main] .s.d.r.c.RepositoryConfigurationDelegate : Bootstrapping Spring Data JPA repositories in DEFAULT mode.
2026-06-27T00:42:29.941-04:00  INFO 36952 --- [venta-service] [           main] .s.d.r.c.RepositoryConfigurationDelegate : Finished Spring Data repository scanning in 142 ms. Found 1 JPA repository interface.
2026-06-27T00:42:30.272-04:00  INFO 36952 --- [venta-service] [           main] o.s.cloud.context.scope.GenericScope     : BeanFactory id=56e4d385-4c02-35b9-96b8-2c3203667892
2026-06-27T00:42:30.940-04:00  INFO 36952 --- [venta-service] [           main] o.hibernate.jpa.internal.util.LogHelper  : HHH000204: Processing PersistenceUnitInfo [name: default]
2026-06-27T00:42:31.104-04:00  INFO 36952 --- [venta-service] [           main] org.hibernate.Version                    : HHH000412: Hibernate ORM core version 6.6.49.Final
2026-06-27T00:42:31.145-04:00  INFO 36952 --- [venta-service] [           main] o.h.c.internal.RegionFactoryInitiator    : HHH000026: Second-level cache disabled
2026-06-27T00:42:31.467-04:00  INFO 36952 --- [venta-service] [           main] o.s.o.j.p.SpringPersistenceUnitInfo      : No LoadTimeWeaver setup: ignoring JPA class transformer
2026-06-27T00:42:31.501-04:00  INFO 36952 --- [venta-service] [           main] com.zaxxer.hikari.HikariDataSource       : HikariPool-1 - Starting...
2026-06-27T00:42:31.672-04:00  INFO 36952 --- [venta-service] [           main] com.zaxxer.hikari.pool.HikariPool        : HikariPool-1 - Added connection com.mysql.cj.jdbc.ConnectionImpl@6aae82cc
2026-06-27T00:42:31.673-04:00  INFO 36952 --- [venta-service] [           main] com.zaxxer.hikari.HikariDataSource       : HikariPool-1 - Start completed.
2026-06-27T00:42:31.718-04:00  WARN 36952 --- [venta-service] [           main] org.hibernate.dialect.Dialect            : HHH000511: The 5.5.5 version for [org.hibernate.dialect.MySQLDialect] is no longer supported, hence certain features may not work properly. The minimum supported version is 8.0.0. Check the community dialects project for available legacy versions.
2026-06-27T00:42:31.742-04:00  INFO 36952 --- [venta-service] [           main] org.hibernate.orm.connections.pooling    : HHH10001005: Database info:
	Database JDBC URL [Connecting through datasource 'HikariDataSource (HikariPool-1)']
	Database driver: undefined/unknown
	Database version: 5.5.5
	Autocommit mode: undefined/unknown
	Isolation level: undefined/unknown
	Minimum pool size: undefined/unknown
	Maximum pool size: undefined/unknown
2026-06-27T00:42:32.665-04:00  INFO 36952 --- [venta-service] [           main] o.h.e.t.j.p.i.JtaPlatformInitiator       : HHH000489: No JTA platform available (set 'hibernate.transaction.jta.platform' to enable JTA platform integration)
2026-06-27T00:42:32.733-04:00  INFO 36952 --- [venta-service] [           main] j.LocalContainerEntityManagerFactoryBean : Initialized JPA EntityManagerFactory for persistence unit 'default'
2026-06-27T00:42:33.278-04:00  WARN 36952 --- [venta-service] [           main] JpaBaseConfiguration$JpaWebConfiguration : spring.jpa.open-in-view is enabled by default. Therefore, database queries may be performed during view rendering. Explicitly configure spring.jpa.open-in-view to disable this warning
2026-06-27T00:42:33.421-04:00  INFO 36952 --- [venta-service] [           main] o.s.c.openfeign.FeignClientFactoryBean   : For 'inventario-service' URL not provided. Will try picking an instance via load-balancing.
2026-06-27T00:42:34.676-04:00  INFO 36952 --- [venta-service] [           main] DiscoveryClientOptionalArgsConfiguration : Eureka HTTP Client uses RestTemplate.
2026-06-27T00:42:34.708-04:00  WARN 36952 --- [venta-service] [           main] iguration$LoadBalancerCaffeineWarnLogger : Spring Cloud LoadBalancer is currently working with the default cache. While this cache implementation is useful for development and tests, it's recommended to use Caffeine cache in production.You can switch to using Caffeine cache, by adding it and org.springframework.cache.caffeine.CaffeineCacheManager to the classpath.
2026-06-27T00:42:34.752-04:00  INFO 36952 --- [venta-service] [           main] o.s.c.n.eureka.InstanceInfoFactory       : Setting initial instance status as: STARTING
2026-06-27T00:42:34.792-04:00  INFO 36952 --- [venta-service] [           main] com.netflix.discovery.DiscoveryClient    : Initializing Eureka in region us-east-1
2026-06-27T00:42:34.796-04:00  INFO 36952 --- [venta-service] [           main] c.n.d.s.r.aws.ConfigClusterResolver      : Resolving eureka endpoints via configuration
2026-06-27T00:42:34.811-04:00  INFO 36952 --- [venta-service] [           main] com.netflix.discovery.DiscoveryClient    : Disable delta property : false
2026-06-27T00:42:34.812-04:00  INFO 36952 --- [venta-service] [           main] com.netflix.discovery.DiscoveryClient    : Single vip registry refresh property : null
2026-06-27T00:42:34.812-04:00  INFO 36952 --- [venta-service] [           main] com.netflix.discovery.DiscoveryClient    : Force full registry fetch : false
2026-06-27T00:42:34.812-04:00  INFO 36952 --- [venta-service] [           main] com.netflix.discovery.DiscoveryClient    : Application is null : false
2026-06-27T00:42:34.812-04:00  INFO 36952 --- [venta-service] [           main] com.netflix.discovery.DiscoveryClient    : Registered Applications size is zero : true
2026-06-27T00:42:34.812-04:00  INFO 36952 --- [venta-service] [           main] com.netflix.discovery.DiscoveryClient    : Application version is -1: true
2026-06-27T00:42:34.812-04:00  INFO 36952 --- [venta-service] [           main] com.netflix.discovery.DiscoveryClient    : Getting all instance registry info from the eureka server
2026-06-27T00:42:35.232-04:00  INFO 36952 --- [venta-service] [           main] com.netflix.discovery.DiscoveryClient    : The response status is 200
2026-06-27T00:42:35.235-04:00  INFO 36952 --- [venta-service] [           main] com.netflix.discovery.DiscoveryClient    : Starting heartbeat executor: renew interval is: 30
2026-06-27T00:42:35.236-04:00  INFO 36952 --- [venta-service] [           main] c.n.discovery.InstanceInfoReplicator     : InstanceInfoReplicator onDemand update allowed rate per min is 4
2026-06-27T00:42:35.239-04:00  INFO 36952 --- [venta-service] [           main] com.netflix.discovery.DiscoveryClient    : Discovery Client initialized at timestamp 1782535355237 with initial instances count: 10
2026-06-27T00:42:35.243-04:00  INFO 36952 --- [venta-service] [           main] o.s.c.n.e.s.EurekaServiceRegistry        : Registering application VENTA-SERVICE with eureka with status UP
2026-06-27T00:42:35.244-04:00  INFO 36952 --- [venta-service] [           main] com.netflix.discovery.DiscoveryClient    : Saw local status change event StatusChangeEvent [timestamp=1782535355244, current=UP, previous=STARTING]
2026-06-27T00:42:35.245-04:00  INFO 36952 --- [venta-service] [foReplicator-%d] com.netflix.discovery.DiscoveryClient    : DiscoveryClient_VENTA-SERVICE/Chmey:venta-service:8089: registering service...
2026-06-27T00:42:35.257-04:00  INFO 36952 --- [venta-service] [           main] c.t.v.VentaServiceApplicationTests       : Started VentaServiceApplicationTests in 6.771 seconds (process running for 7.959)
2026-06-27T00:42:35.292-04:00  INFO 36952 --- [venta-service] [foReplicator-%d] com.netflix.discovery.DiscoveryClient    : DiscoveryClient_VENTA-SERVICE/Chmey:venta-service:8089 - registration status: 204
]]></system-out>
    <system-err><![CDATA[Mockito is currently self-attaching to enable the inline-mock-maker. This will no longer work in future releases of the JDK. Please add Mockito as an agent to your build as described in Mockito's documentation: https://javadoc.io/doc/org.mockito/mockito-core/latest/org.mockito/org/mockito/Mockito.html#0.3
WARNING: A Java agent has been loaded dynamically (C:\Users\josem_bsk1jgd\.m2\repository\net\bytebuddy\byte-buddy-agent\1.17.8\byte-buddy-agent-1.17.8.jar)
WARNING: If a serviceability tool is in use, please run with -XX:+EnableDynamicAgentLoading to hide this warning
WARNING: If a serviceability tool is not in use, please run with -Djdk.instrument.traceUsage for more information
WARNING: Dynamic loading of agents will be disallowed by default in a future release
]]></system-err>
  </testcase>
</testsuite>